<?xml version="1.0" encoding="UTF-8"?>
<testExecutions version="1">
  <file path="/Users/andrei.katkov/VampirskyLes/repos/dsp/rancidRack2/test/sequencer.test.js">
    <testCase name="sequencer can advance a step" duration="2"/>
    <testCase name="sequencer initial step is 1" duration="0"/>
    <testCase name="sequencer maximum step is 16" duration="1"/>
  </file>
  <file path="/Users/andrei.katkov/VampirskyLes/repos/dsp/rancidRack2/test/wire.test.js">
    <testCase name="can wire slider" duration="24"/>
  </file>
</testExecutions>